<?xml version="1.0" encoding="UTF-8"?>
<testsuite xmlns:xsi="http://www.w3.org/2001/XMLSchema-instance" xsi:noNamespaceSchemaLocation="https://maven.apache.org/surefire/maven-surefire-plugin/xsd/surefire-test-report.xsd" name="com.LiteTravel.web.LiteTravelWebApplicationTests" time="12.301" tests="1" errors="0" skipped="0" failures="0">
  <properties>
    <property name="sun.desktop" value="windows"/>
    <property name="awt.toolkit" value="sun.awt.windows.WToolkit"/>
    <property name="file.encoding.pkg" value="sun.io"/>
    <property name="java.specification.version" value="1.8"/>
    <property name="sun.cpu.isalist" value="amd64"/>
    <property name="sun.jnu.encoding" value="GBK"/>
    <property name="java.class.path" value="G:\GithubProjects\LiteTravel-Webend\target\test-classes;G:\GithubProjects\LiteTravel-Webend\target\classes;G:\Maven\Local_Repository\org\springframework\boot\spring-boot-starter-web\2.2.0.RELEASE\spring-boot-starter-web-2.2.0.RELEASE.jar;G:\Maven\Local_Repository\org\springframework\boot\spring-boot-starter\2.2.0.RELEASE\spring-boot-starter-2.2.0.RELEASE.jar;G:\Maven\Local_Repository\org\springframework\boot\spring-boot-starter-logging\2.2.0.RELEASE\spring-boot-starter-logging-2.2.0.RELEASE.jar;G:\Maven\Local_Repository\ch\qos\logback\logback-classic\1.2.3\logback-classic-1.2.3.jar;G:\Maven\Local_Repository\ch\qos\logback\logback-core\1.2.3\logback-core-1.2.3.jar;G:\Maven\Local_Repository\org\apache\logging\log4j\log4j-to-slf4j\2.12.1\log4j-to-slf4j-2.12.1.jar;G:\Maven\Local_Repository\org\apache\logging\log4j\log4j-api\2.12.1\log4j-api-2.12.1.jar;G:\Maven\Local_Repository\org\slf4j\jul-to-slf4j\1.7.28\jul-to-slf4j-1.7.28.jar;G:\Maven\Local_Repository\jakarta\annotation\jakarta.annotation-api\1.3.5\jakarta.annotation-api-1.3.5.jar;G:\Maven\Local_Repository\org\yaml\snakeyaml\1.25\snakeyaml-1.25.jar;G:\Maven\Local_Repository\org\springframework\boot\spring-boot-starter-json\2.2.0.RELEASE\spring-boot-starter-json-2.2.0.RELEASE.jar;G:\Maven\Local_Repository\com\fasterxml\jackson\core\jackson-databind\2.10.0\jackson-databind-2.10.0.jar;G:\Maven\Local_Repository\com\fasterxml\jackson\core\jackson-annotations\2.10.0\jackson-annotations-2.10.0.jar;G:\Maven\Local_Repository\com\fasterxml\jackson\core\jackson-core\2.10.0\jackson-core-2.10.0.jar;G:\Maven\Local_Repository\com\fasterxml\jackson\datatype\jackson-datatype-jdk8\2.10.0\jackson-datatype-jdk8-2.10.0.jar;G:\Maven\Local_Repository\com\fasterxml\jackson\datatype\jackson-datatype-jsr310\2.10.0\jackson-datatype-jsr310-2.10.0.jar;G:\Maven\Local_Repository\com\fasterxml\jackson\module\jackson-module-parameter-names\2.10.0\jackson-module-parameter-names-2.10.0.jar;G:\Maven\Local_Repository\org\springframework\boot\spring-boot-starter-tomcat\2.2.0.RELEASE\spring-boot-starter-tomcat-2.2.0.RELEASE.jar;G:\Maven\Local_Repository\org\apache\tomcat\embed\tomcat-embed-core\9.0.27\tomcat-embed-core-9.0.27.jar;G:\Maven\Local_Repository\org\apache\tomcat\embed\tomcat-embed-el\9.0.27\tomcat-embed-el-9.0.27.jar;G:\Maven\Local_Repository\org\apache\tomcat\embed\tomcat-embed-websocket\9.0.27\tomcat-embed-websocket-9.0.27.jar;G:\Maven\Local_Repository\org\springframework\boot\spring-boot-starter-validation\2.2.0.RELEASE\spring-boot-starter-validation-2.2.0.RELEASE.jar;G:\Maven\Local_Repository\jakarta\validation\jakarta.validation-api\2.0.1\jakarta.validation-api-2.0.1.jar;G:\Maven\Local_Repository\org\hibernate\validator\hibernate-validator\6.0.17.Final\hibernate-validator-6.0.17.Final.jar;G:\Maven\Local_Repository\org\jboss\logging\jboss-logging\3.4.1.Final\jboss-logging-3.4.1.Final.jar;G:\Maven\Local_Repository\com\fasterxml\classmate\1.5.0\classmate-1.5.0.jar;G:\Maven\Local_Repository\org\springframework\spring-web\5.2.0.RELEASE\spring-web-5.2.0.RELEASE.jar;G:\Maven\Local_Repository\org\springframework\spring-beans\5.2.0.RELEASE\spring-beans-5.2.0.RELEASE.jar;G:\Maven\Local_Repository\org\springframework\spring-webmvc\5.2.0.RELEASE\spring-webmvc-5.2.0.RELEASE.jar;G:\Maven\Local_Repository\org\springframework\spring-aop\5.2.0.RELEASE\spring-aop-5.2.0.RELEASE.jar;G:\Maven\Local_Repository\org\springframework\spring-context\5.2.0.RELEASE\spring-context-5.2.0.RELEASE.jar;G:\Maven\Local_Repository\org\springframework\spring-expression\5.2.0.RELEASE\spring-expression-5.2.0.RELEASE.jar;G:\Maven\Local_Repository\org\springframework\boot\spring-boot-starter-cache\2.2.0.RELEASE\spring-boot-starter-cache-2.2.0.RELEASE.jar;G:\Maven\Local_Repository\org\springframework\spring-context-support\5.2.0.RELEASE\spring-context-support-5.2.0.RELEASE.jar;G:\Maven\Local_Repository\org\webjars\bootstrap\4.3.1\bootstrap-4.3.1.jar;G:\Maven\Local_Repository\org\webjars\popper.js\1.14.3\popper.js-1.14.3.jar;G:\Maven\Local_Repository\org\webjars\jquery\3.4.1\jquery-3.4.1.jar;G:\Maven\Local_Repository\org\springframework\boot\spring-boot-starter-thymeleaf\2.2.0.RELEASE\spring-boot-starter-thymeleaf-2.2.0.RELEASE.jar;G:\Maven\Local_Repository\org\thymeleaf\thymeleaf-spring5\3.0.11.RELEASE\thymeleaf-spring5-3.0.11.RELEASE.jar;G:\Maven\Local_Repository\org\thymeleaf\thymeleaf\3.0.11.RELEASE\thymeleaf-3.0.11.RELEASE.jar;G:\Maven\Local_Repository\org\attoparser\attoparser\2.0.5.RELEASE\attoparser-2.0.5.RELEASE.jar;G:\Maven\Local_Repository\org\unbescape\unbescape\1.1.6.RELEASE\unbescape-1.1.6.RELEASE.jar;G:\Maven\Local_Repository\org\thymeleaf\extras\thymeleaf-extras-java8time\3.0.4.RELEASE\thymeleaf-extras-java8time-3.0.4.RELEASE.jar;G:\Maven\Local_Repository\org\springframework\boot\spring-boot-starter-test\2.2.0.RELEASE\spring-boot-starter-test-2.2.0.RELEASE.jar;G:\Maven\Local_Repository\org\springframework\boot\spring-boot-test\2.2.0.RELEASE\spring-boot-test-2.2.0.RELEASE.jar;G:\Maven\Local_Repository\org\springframework\boot\spring-boot-test-autoconfigure\2.2.0.RELEASE\spring-boot-test-autoconfigure-2.2.0.RELEASE.jar;G:\Maven\Local_Repository\com\jayway\jsonpath\json-path\2.4.0\json-path-2.4.0.jar;G:\Maven\Local_Repository\net\minidev\json-smart\2.3\json-smart-2.3.jar;G:\Maven\Local_Repository\net\minidev\accessors-smart\1.2\accessors-smart-1.2.jar;G:\Maven\Local_Repository\org\ow2\asm\asm\5.0.4\asm-5.0.4.jar;G:\Maven\Local_Repository\jakarta\xml\bind\jakarta.xml.bind-api\2.3.2\jakarta.xml.bind-api-2.3.2.jar;G:\Maven\Local_Repository\jakarta\activation\jakarta.activation-api\1.2.1\jakarta.activation-api-1.2.1.jar;G:\Maven\Local_Repository\org\junit\jupiter\junit-jupiter\5.5.2\junit-jupiter-5.5.2.jar;G:\Maven\Local_Repository\org\junit\jupiter\junit-jupiter-api\5.5.2\junit-jupiter-api-5.5.2.jar;G:\Maven\Local_Repository\org\apiguardian\apiguardian-api\1.1.0\apiguardian-api-1.1.0.jar;G:\Maven\Local_Repository\org\opentest4j\opentest4j\1.2.0\opentest4j-1.2.0.jar;G:\Maven\Local_Repository\org\junit\platform\junit-platform-commons\1.5.2\junit-platform-commons-1.5.2.jar;G:\Maven\Local_Repository\org\junit\jupiter\junit-jupiter-params\5.5.2\junit-jupiter-params-5.5.2.jar;G:\Maven\Local_Repository\org\junit\jupiter\junit-jupiter-engine\5.5.2\junit-jupiter-engine-5.5.2.jar;G:\Maven\Local_Repository\org\junit\platform\junit-platform-engine\1.5.2\junit-platform-engine-1.5.2.jar;G:\Maven\Local_Repository\org\mockito\mockito-junit-jupiter\3.1.0\mockito-junit-jupiter-3.1.0.jar;G:\Maven\Local_Repository\org\assertj\assertj-core\3.13.2\assertj-core-3.13.2.jar;G:\Maven\Local_Repository\org\hamcrest\hamcrest\2.1\hamcrest-2.1.jar;G:\Maven\Local_Repository\org\mockito\mockito-core\3.1.0\mockito-core-3.1.0.jar;G:\Maven\Local_Repository\net\bytebuddy\byte-buddy\1.10.1\byte-buddy-1.10.1.jar;G:\Maven\Local_Repository\net\bytebuddy\byte-buddy-agent\1.10.1\byte-buddy-agent-1.10.1.jar;G:\Maven\Local_Repository\org\objenesis\objenesis\2.6\objenesis-2.6.jar;G:\Maven\Local_Repository\org\skyscreamer\jsonassert\1.5.0\jsonassert-1.5.0.jar;G:\Maven\Local_Repository\com\vaadin\external\google\android-json\0.0.20131108.vaadin1\android-json-0.0.20131108.vaadin1.jar;G:\Maven\Local_Repository\org\springframework\spring-core\5.2.0.RELEASE\spring-core-5.2.0.RELEASE.jar;G:\Maven\Local_Repository\org\springframework\spring-jcl\5.2.0.RELEASE\spring-jcl-5.2.0.RELEASE.jar;G:\Maven\Local_Repository\org\springframework\spring-test\5.2.0.RELEASE\spring-test-5.2.0.RELEASE.jar;G:\Maven\Local_Repository\org\xmlunit\xmlunit-core\2.6.3\xmlunit-core-2.6.3.jar;G:\Maven\Local_Repository\org\springframework\boot\spring-boot-starter-jdbc\2.2.0.RELEASE\spring-boot-starter-jdbc-2.2.0.RELEASE.jar;G:\Maven\Local_Repository\com\zaxxer\HikariCP\3.4.1\HikariCP-3.4.1.jar;G:\Maven\Local_Repository\org\springframework\spring-jdbc\5.2.0.RELEASE\spring-jdbc-5.2.0.RELEASE.jar;G:\Maven\Local_Repository\org\springframework\spring-tx\5.2.0.RELEASE\spring-tx-5.2.0.RELEASE.jar;G:\Maven\Local_Repository\mysql\mysql-connector-java\8.0.18\mysql-connector-java-8.0.18.jar;G:\Maven\Local_Repository\org\mybatis\spring\boot\mybatis-spring-boot-starter\2.1.0\mybatis-spring-boot-starter-2.1.0.jar;G:\Maven\Local_Repository\org\mybatis\spring\boot\mybatis-spring-boot-autoconfigure\2.1.0\mybatis-spring-boot-autoconfigure-2.1.0.jar;G:\Maven\Local_Repository\org\mybatis\mybatis\3.5.2\mybatis-3.5.2.jar;G:\Maven\Local_Repository\org\mybatis\mybatis-spring\2.0.2\mybatis-spring-2.0.2.jar;G:\Maven\Local_Repository\com\github\pagehelper\pagehelper-spring-boot-starter\1.2.13\pagehelper-spring-boot-starter-1.2.13.jar;G:\Maven\Local_Repository\com\github\pagehelper\pagehelper-spring-boot-autoconfigure\1.2.13\pagehelper-spring-boot-autoconfigure-1.2.13.jar;G:\Maven\Local_Repository\com\github\pagehelper\pagehelper\5.1.11\pagehelper-5.1.11.jar;G:\Maven\Local_Repository\com\github\jsqlparser\jsqlparser\2.0\jsqlparser-2.0.jar;G:\Maven\Local_Repository\com\alibaba\druid-spring-boot-starter\1.1.13\druid-spring-boot-starter-1.1.13.jar;G:\Maven\Local_Repository\com\alibaba\druid\1.1.13\druid-1.1.13.jar;G:\Maven\Local_Repository\org\slf4j\slf4j-api\1.7.28\slf4j-api-1.7.28.jar;G:\Maven\Local_Repository\org\springframework\boot\spring-boot-autoconfigure\2.2.0.RELEASE\spring-boot-autoconfigure-2.2.0.RELEASE.jar;G:\Maven\Local_Repository\org\springframework\boot\spring-boot-devtools\2.2.0.RELEASE\spring-boot-devtools-2.2.0.RELEASE.jar;G:\Maven\Local_Repository\org\springframework\boot\spring-boot\2.2.0.RELEASE\spring-boot-2.2.0.RELEASE.jar;G:\Maven\Local_Repository\org\projectlombok\lombok\1.16.10\lombok-1.16.10.jar;G:\Maven\Local_Repository\org\apache\commons\commons-lang3\3.9\commons-lang3-3.9.jar;"/>
    <property name="java.vm.vendor" value="Oracle Corporation"/>
    <property name="sun.arch.data.model" value="64"/>
    <property name="user.variant" value=""/>
    <property name="java.vendor.url" value="http://java.oracle.com/"/>
    <property name="user.timezone" value="Asia/Shanghai"/>
    <property name="java.vm.specification.version" value="1.8"/>
    <property name="os.name" value="Windows 10"/>
    <property name="user.country" value="CN"/>
    <property name="sun.java.launcher" value="SUN_STANDARD"/>
    <property name="sun.boot.library.path" value="C:\Program Files\Java\jdk1.8.0_231\jre\bin"/>
    <property name="sun.java.command" value="C:\Users\ADMINI~1\AppData\Local\Temp\surefire5636835058813438373\surefirebooter6892533559235775139.jar C:\Users\Administrator\AppData\Local\Temp\surefire5636835058813438373 2020-03-07T15-41-03_914-jvmRun1 surefire1272349886789706870tmp surefire_0530335562272018940tmp"/>
    <property name="surefire.test.class.path" value="G:\GithubProjects\LiteTravel-Webend\target\test-classes;G:\GithubProjects\LiteTravel-Webend\target\classes;G:\Maven\Local_Repository\org\springframework\boot\spring-boot-starter-web\2.2.0.RELEASE\spring-boot-starter-web-2.2.0.RELEASE.jar;G:\Maven\Local_Repository\org\springframework\boot\spring-boot-starter\2.2.0.RELEASE\spring-boot-starter-2.2.0.RELEASE.jar;G:\Maven\Local_Repository\org\springframework\boot\spring-boot-starter-logging\2.2.0.RELEASE\spring-boot-starter-logging-2.2.0.RELEASE.jar;G:\Maven\Local_Repository\ch\qos\logback\logback-classic\1.2.3\logback-classic-1.2.3.jar;G:\Maven\Local_Repository\ch\qos\logback\logback-core\1.2.3\logback-core-1.2.3.jar;G:\Maven\Local_Repository\org\apache\logging\log4j\log4j-to-slf4j\2.12.1\log4j-to-slf4j-2.12.1.jar;G:\Maven\Local_Repository\org\apache\logging\log4j\log4j-api\2.12.1\log4j-api-2.12.1.jar;G:\Maven\Local_Repository\org\slf4j\jul-to-slf4j\1.7.28\jul-to-slf4j-1.7.28.jar;G:\Maven\Local_Repository\jakarta\annotation\jakarta.annotation-api\1.3.5\jakarta.annotation-api-1.3.5.jar;G:\Maven\Local_Repository\org\yaml\snakeyaml\1.25\snakeyaml-1.25.jar;G:\Maven\Local_Repository\org\springframework\boot\spring-boot-starter-json\2.2.0.RELEASE\spring-boot-starter-json-2.2.0.RELEASE.jar;G:\Maven\Local_Repository\com\fasterxml\jackson\core\jackson-databind\2.10.0\jackson-databind-2.10.0.jar;G:\Maven\Local_Repository\com\fasterxml\jackson\core\jackson-annotations\2.10.0\jackson-annotations-2.10.0.jar;G:\Maven\Local_Repository\com\fasterxml\jackson\core\jackson-core\2.10.0\jackson-core-2.10.0.jar;G:\Maven\Local_Repository\com\fasterxml\jackson\datatype\jackson-datatype-jdk8\2.10.0\jackson-datatype-jdk8-2.10.0.jar;G:\Maven\Local_Repository\com\fasterxml\jackson\datatype\jackson-datatype-jsr310\2.10.0\jackson-datatype-jsr310-2.10.0.jar;G:\Maven\Local_Repository\com\fasterxml\jackson\module\jackson-module-parameter-names\2.10.0\jackson-module-parameter-names-2.10.0.jar;G:\Maven\Local_Repository\org\springframework\boot\spring-boot-starter-tomcat\2.2.0.RELEASE\spring-boot-starter-tomcat-2.2.0.RELEASE.jar;G:\Maven\Local_Repository\org\apache\tomcat\embed\tomcat-embed-core\9.0.27\tomcat-embed-core-9.0.27.jar;G:\Maven\Local_Repository\org\apache\tomcat\embed\tomcat-embed-el\9.0.27\tomcat-embed-el-9.0.27.jar;G:\Maven\Local_Repository\org\apache\tomcat\embed\tomcat-embed-websocket\9.0.27\tomcat-embed-websocket-9.0.27.jar;G:\Maven\Local_Repository\org\springframework\boot\spring-boot-starter-validation\2.2.0.RELEASE\spring-boot-starter-validation-2.2.0.RELEASE.jar;G:\Maven\Local_Repository\jakarta\validation\jakarta.validation-api\2.0.1\jakarta.validation-api-2.0.1.jar;G:\Maven\Local_Repository\org\hibernate\validator\hibernate-validator\6.0.17.Final\hibernate-validator-6.0.17.Final.jar;G:\Maven\Local_Repository\org\jboss\logging\jboss-logging\3.4.1.Final\jboss-logging-3.4.1.Final.jar;G:\Maven\Local_Repository\com\fasterxml\classmate\1.5.0\classmate-1.5.0.jar;G:\Maven\Local_Repository\org\springframework\spring-web\5.2.0.RELEASE\spring-web-5.2.0.RELEASE.jar;G:\Maven\Local_Repository\org\springframework\spring-beans\5.2.0.RELEASE\spring-beans-5.2.0.RELEASE.jar;G:\Maven\Local_Repository\org\springframework\spring-webmvc\5.2.0.RELEASE\spring-webmvc-5.2.0.RELEASE.jar;G:\Maven\Local_Repository\org\springframework\spring-aop\5.2.0.RELEASE\spring-aop-5.2.0.RELEASE.jar;G:\Maven\Local_Repository\org\springframework\spring-context\5.2.0.RELEASE\spring-context-5.2.0.RELEASE.jar;G:\Maven\Local_Repository\org\springframework\spring-expression\5.2.0.RELEASE\spring-expression-5.2.0.RELEASE.jar;G:\Maven\Local_Repository\org\springframework\boot\spring-boot-starter-cache\2.2.0.RELEASE\spring-boot-starter-cache-2.2.0.RELEASE.jar;G:\Maven\Local_Repository\org\springframework\spring-context-support\5.2.0.RELEASE\spring-context-support-5.2.0.RELEASE.jar;G:\Maven\Local_Repository\org\webjars\bootstrap\4.3.1\bootstrap-4.3.1.jar;G:\Maven\Local_Repository\org\webjars\popper.js\1.14.3\popper.js-1.14.3.jar;G:\Maven\Local_Repository\org\webjars\jquery\3.4.1\jquery-3.4.1.jar;G:\Maven\Local_Repository\org\springframework\boot\spring-boot-starter-thymeleaf\2.2.0.RELEASE\spring-boot-starter-thymeleaf-2.2.0.RELEASE.jar;G:\Maven\Local_Repository\org\thymeleaf\thymeleaf-spring5\3.0.11.RELEASE\thymeleaf-spring5-3.0.11.RELEASE.jar;G:\Maven\Local_Repository\org\thymeleaf\thymeleaf\3.0.11.RELEASE\thymeleaf-3.0.11.RELEASE.jar;G:\Maven\Local_Repository\org\attoparser\attoparser\2.0.5.RELEASE\attoparser-2.0.5.RELEASE.jar;G:\Maven\Local_Repository\org\unbescape\unbescape\1.1.6.RELEASE\unbescape-1.1.6.RELEASE.jar;G:\Maven\Local_Repository\org\thymeleaf\extras\thymeleaf-extras-java8time\3.0.4.RELEASE\thymeleaf-extras-java8time-3.0.4.RELEASE.jar;G:\Maven\Local_Repository\org\springframework\boot\spring-boot-starter-test\2.2.0.RELEASE\spring-boot-starter-test-2.2.0.RELEASE.jar;G:\Maven\Local_Repository\org\springframework\boot\spring-boot-test\2.2.0.RELEASE\spring-boot-test-2.2.0.RELEASE.jar;G:\Maven\Local_Repository\org\springframework\boot\spring-boot-test-autoconfigure\2.2.0.RELEASE\spring-boot-test-autoconfigure-2.2.0.RELEASE.jar;G:\Maven\Local_Repository\com\jayway\jsonpath\json-path\2.4.0\json-path-2.4.0.jar;G:\Maven\Local_Repository\net\minidev\json-smart\2.3\json-smart-2.3.jar;G:\Maven\Local_Repository\net\minidev\accessors-smart\1.2\accessors-smart-1.2.jar;G:\Maven\Local_Repository\org\ow2\asm\asm\5.0.4\asm-5.0.4.jar;G:\Maven\Local_Repository\jakarta\xml\bind\jakarta.xml.bind-api\2.3.2\jakarta.xml.bind-api-2.3.2.jar;G:\Maven\Local_Repository\jakarta\activation\jakarta.activation-api\1.2.1\jakarta.activation-api-1.2.1.jar;G:\Maven\Local_Repository\org\junit\jupiter\junit-jupiter\5.5.2\junit-jupiter-5.5.2.jar;G:\Maven\Local_Repository\org\junit\jupiter\junit-jupiter-api\5.5.2\junit-jupiter-api-5.5.2.jar;G:\Maven\Local_Repository\org\apiguardian\apiguardian-api\1.1.0\apiguardian-api-1.1.0.jar;G:\Maven\Local_Repository\org\opentest4j\opentest4j\1.2.0\opentest4j-1.2.0.jar;G:\Maven\Local_Repository\org\junit\platform\junit-platform-commons\1.5.2\junit-platform-commons-1.5.2.jar;G:\Maven\Local_Repository\org\junit\jupiter\junit-jupiter-params\5.5.2\junit-jupiter-params-5.5.2.jar;G:\Maven\Local_Repository\org\junit\jupiter\junit-jupiter-engine\5.5.2\junit-jupiter-engine-5.5.2.jar;G:\Maven\Local_Repository\org\junit\platform\junit-platform-engine\1.5.2\junit-platform-engine-1.5.2.jar;G:\Maven\Local_Repository\org\mockito\mockito-junit-jupiter\3.1.0\mockito-junit-jupiter-3.1.0.jar;G:\Maven\Local_Repository\org\assertj\assertj-core\3.13.2\assertj-core-3.13.2.jar;G:\Maven\Local_Repository\org\hamcrest\hamcrest\2.1\hamcrest-2.1.jar;G:\Maven\Local_Repository\org\mockito\mockito-core\3.1.0\mockito-core-3.1.0.jar;G:\Maven\Local_Repository\net\bytebuddy\byte-buddy\1.10.1\byte-buddy-1.10.1.jar;G:\Maven\Local_Repository\net\bytebuddy\byte-buddy-agent\1.10.1\byte-buddy-agent-1.10.1.jar;G:\Maven\Local_Repository\org\objenesis\objenesis\2.6\objenesis-2.6.jar;G:\Maven\Local_Repository\org\skyscreamer\jsonassert\1.5.0\jsonassert-1.5.0.jar;G:\Maven\Local_Repository\com\vaadin\external\google\android-json\0.0.20131108.vaadin1\android-json-0.0.20131108.vaadin1.jar;G:\Maven\Local_Repository\org\springframework\spring-core\5.2.0.RELEASE\spring-core-5.2.0.RELEASE.jar;G:\Maven\Local_Repository\org\springframework\spring-jcl\5.2.0.RELEASE\spring-jcl-5.2.0.RELEASE.jar;G:\Maven\Local_Repository\org\springframework\spring-test\5.2.0.RELEASE\spring-test-5.2.0.RELEASE.jar;G:\Maven\Local_Repository\org\xmlunit\xmlunit-core\2.6.3\xmlunit-core-2.6.3.jar;G:\Maven\Local_Repository\org\springframework\boot\spring-boot-starter-jdbc\2.2.0.RELEASE\spring-boot-starter-jdbc-2.2.0.RELEASE.jar;G:\Maven\Local_Repository\com\zaxxer\HikariCP\3.4.1\HikariCP-3.4.1.jar;G:\Maven\Local_Repository\org\springframework\spring-jdbc\5.2.0.RELEASE\spring-jdbc-5.2.0.RELEASE.jar;G:\Maven\Local_Repository\org\springframework\spring-tx\5.2.0.RELEASE\spring-tx-5.2.0.RELEASE.jar;G:\Maven\Local_Repository\mysql\mysql-connector-java\8.0.18\mysql-connector-java-8.0.18.jar;G:\Maven\Local_Repository\org\mybatis\spring\boot\mybatis-spring-boot-starter\2.1.0\mybatis-spring-boot-starter-2.1.0.jar;G:\Maven\Local_Repository\org\mybatis\spring\boot\mybatis-spring-boot-autoconfigure\2.1.0\mybatis-spring-boot-autoconfigure-2.1.0.jar;G:\Maven\Local_Repository\org\mybatis\mybatis\3.5.2\mybatis-3.5.2.jar;G:\Maven\Local_Repository\org\mybatis\mybatis-spring\2.0.2\mybatis-spring-2.0.2.jar;G:\Maven\Local_Repository\com\github\pagehelper\pagehelper-spring-boot-starter\1.2.13\pagehelper-spring-boot-starter-1.2.13.jar;G:\Maven\Local_Repository\com\github\pagehelper\pagehelper-spring-boot-autoconfigure\1.2.13\pagehelper-spring-boot-autoconfigure-1.2.13.jar;G:\Maven\Local_Repository\com\github\pagehelper\pagehelper\5.1.11\pagehelper-5.1.11.jar;G:\Maven\Local_Repository\com\github\jsqlparser\jsqlparser\2.0\jsqlparser-2.0.jar;G:\Maven\Local_Repository\com\alibaba\druid-spring-boot-starter\1.1.13\druid-spring-boot-starter-1.1.13.jar;G:\Maven\Local_Repository\com\alibaba\druid\1.1.13\druid-1.1.13.jar;G:\Maven\Local_Repository\org\slf4j\slf4j-api\1.7.28\slf4j-api-1.7.28.jar;G:\Maven\Local_Repository\org\springframework\boot\spring-boot-autoconfigure\2.2.0.RELEASE\spring-boot-autoconfigure-2.2.0.RELEASE.jar;G:\Maven\Local_Repository\org\springframework\boot\spring-boot-devtools\2.2.0.RELEASE\spring-boot-devtools-2.2.0.RELEASE.jar;G:\Maven\Local_Repository\org\springframework\boot\spring-boot\2.2.0.RELEASE\spring-boot-2.2.0.RELEASE.jar;G:\Maven\Local_Repository\org\projectlombok\lombok\1.16.10\lombok-1.16.10.jar;G:\Maven\Local_Repository\org\apache\commons\commons-lang3\3.9\commons-lang3-3.9.jar;"/>
    <property name="sun.cpu.endian" value="little"/>
    <property name="user.home" value="C:\Users\Administrator"/>
    <property name="user.language" value="zh"/>
    <property name="java.specification.vendor" value="Oracle Corporation"/>
    <property name="idea.version2019.2.2" value="true"/>
    <property name="java.home" value="C:\Program Files\Java\jdk1.8.0_231\jre"/>
    <property name="basedir" value="G:\GithubProjects\LiteTravel-Webend"/>
    <property name="file.separator" value="\"/>
    <property name="line.separator" value="&#10;"/>
    <property name="java.vm.specification.vendor" value="Oracle Corporation"/>
    <property name="java.specification.name" value="Java Platform API Specification"/>
    <property name="java.awt.graphicsenv" value="sun.awt.Win32GraphicsEnvironment"/>
    <property name="surefire.real.class.path" value="C:\Users\ADMINI~1\AppData\Local\Temp\surefire5636835058813438373\surefirebooter6892533559235775139.jar"/>
    <property name="sun.boot.class.path" value="C:\Program Files\Java\jdk1.8.0_231\jre\lib\resources.jar;C:\Program Files\Java\jdk1.8.0_231\jre\lib\rt.jar;C:\Program Files\Java\jdk1.8.0_231\jre\lib\sunrsasign.jar;C:\Program Files\Java\jdk1.8.0_231\jre\lib\jsse.jar;C:\Program Files\Java\jdk1.8.0_231\jre\lib\jce.jar;C:\Program Files\Java\jdk1.8.0_231\jre\lib\charsets.jar;C:\Program Files\Java\jdk1.8.0_231\jre\lib\jfr.jar;C:\Program Files\Java\jdk1.8.0_231\jre\classes"/>
    <property name="user.script" value=""/>
    <property name="sun.management.compiler" value="HotSpot 64-Bit Tiered Compilers"/>
    <property name="java.runtime.version" value="1.8.0_231-b11"/>
    <property name="user.name" value="Kris"/>
    <property name="path.separator" value=";"/>
    <property name="os.version" value="10.0"/>
    <property name="java.endorsed.dirs" value="C:\Program Files\Java\jdk1.8.0_231\jre\lib\endorsed"/>
    <property name="java.runtime.name" value="Java(TM) SE Runtime Environment"/>
    <property name="file.encoding" value="GBK"/>
    <property name="java.vm.name" value="Java HotSpot(TM) 64-Bit Server VM"/>
    <property name="localRepository" value="G:\Maven\Local_Repository"/>
    <property name="java.vendor.url.bug" value="http://bugreport.sun.com/bugreport/"/>
    <property name="java.io.tmpdir" value="C:\Users\ADMINI~1\AppData\Local\Temp\"/>
    <property name="java.version" value="1.8.0_231"/>
    <property name="user.dir" value="G:\GithubProjects\LiteTravel-Webend"/>
    <property name="os.arch" value="amd64"/>
    <property name="java.vm.specification.name" value="Java Virtual Machine Specification"/>
    <property name="java.awt.printerjob" value="sun.awt.windows.WPrinterJob"/>
    <property name="sun.os.patch.level" value=""/>
    <property name="java.library.path" value="C:\Program Files\Java\jdk1.8.0_231\jre\bin;C:\WINDOWS\Sun\Java\bin;C:\WINDOWS\system32;C:\WINDOWS;C:\Program Files (x86)\Common Files\Oracle\Java\javapath;C:\Program Files (x86)\Common Files\Intel\Shared Libraries\redist\intel64\compiler;C:\ProgramData\Oracle\Java\javapath;C:\windows\system32;C:\windows;C:\windows\System32\Wbem;C:\windows\System32\WindowsPowerShell\v1.0\;C:\Program Files (x86)\QuickTime\QTSystem\;C:\Program Files (x86)\Microsoft SQL Server\100\Tools\Binn\;C:\Program Files\Microsoft SQL Server\100\Tools\Binn\;C:\Program Files\Microsoft SQL Server\100\DTS\Binn\;C:\Program Files\Microsoft SQL Server\130\Tools\Binn\;C:\Program Files\dotnet\;C:\Program Files (x86)\GtkSharp\2.12\bin;C:\Program Files\Common Files\Autodesk Shared\;C:\WINDOWS\system32;C:\WINDOWS;C:\WINDOWS\System32\Wbem;C:\WINDOWS\System32\WindowsPowerShell\v1.0\;C:\WINDOWS\System32\OpenSSH\;C:\Users\Administrator\AppData\Local\Programs\Python\Python37;C:\Users\Administrator\AppData\Local\Programs\Python\Python37\Scripts;G:\PythonTools\poppler-0.68.0\bin;&quot;F:\softwares\apache-tomcat-9.0.26-windows-x64;\bin;&quot;;&quot;F:\softwares\apache-tomcat-9.0.26-windows-x64;\lib;&quot;;&quot;C:\Program Files\nodejs\;&quot;;&quot;C:\Program Files\MySQL\MySQL Server 8.0\bin;&quot;;&quot;C:\ProgramData\chocolatey\bin;&quot;;&quot;C:\Program Files\Git\cmd;&quot;;F:\softwares\Brackets\comm;&quot;C:\Program Files (x86)\Microsoft SQL Server\150\DTS\Binn\;&quot;;C:\Program Files\nodejs;C:\Program Files\MySQL\MySQL Server 8.0\bin;C:\Program Files\Git\bin\;C:\Program Files\Git\mingw64\libexec\git-core\;&quot;C:\Program Files (x86)\Common Files\Oracle\Java\javapath;C:\Program Files (x86)\Common Files\Intel\Shared Libraries\redist\intel64\compiler;C:\ProgramData\Oracle\Java\javapath;C:\windows\system32;C:\windows;C:\windows\System32\Wbem;C:\windows\System32\WindowsPowerShell\v1.0\;C:\Program Files (x86)\QuickTime\QTSystem\;C:\Program Files (x86)\Microsoft SQL Server\100\Tools\Binn\;C:\Program Files\Microsoft SQL Server\100\Tools\Binn\;C:\Program Files\Microsoft SQL Server\100\DTS\Binn\;C:\Program Files\Microsoft SQL Server\130\Tools\Binn\;C:\Program Files\dotnet\;C:\Program Files (x86)\GtkSharp\2.12\bin;C:\Program Files\Common Files\Autodesk Shared\;C:\WINDOWS\system32;C:\WINDOWS;C:\WINDOWS\System32\Wbem;C:\WINDOWS\System32\WindowsPowerShell\v1.0\;C:\WINDOWS\System32\OpenSSH\;C:\Users\Administrator\AppData\Local\Programs\Python\Python37;C:\Users\Administrator\AppData\Local\Programs\Python\Python37\Scripts;G:\PythonTools\poppler-0.68.0\bin;&quot;F:\softwares\apache-tomcat-9.0.26-windows-x64;\bin;&quot;;&quot;F:\softwares\apache-tomcat-9.0.26-windows-x64;\lib;&quot;;&quot;C:\Program Files\nodejs\;&quot;;&quot;C:\Program Files\MySQL\MySQL Server 8.0\bin;&quot;;&quot;C:\ProgramData\chocolatey\bin;&quot;;&quot;C:\Program Files\Git\cmd;&quot;;F:\softwares\Brackets\comm;&quot;C:\Program Files (x86)\Microsoft SQL Server\150\DTS\Binn\;&quot;;C:\Program Files\nodejs;C:\Program Files\MySQL\MySQL Server 8.0\bin;C:\Program Files\Git\bin\;C:\Program Files\Git\mingw64\libexec\git-core\;&quot;C:\Program Files (x86)\Common Files\Oracle\Java\javapath;C:\Program Files (x86)\Common Files\Intel\Shared Libraries\redist\intel64\compiler;C:\ProgramData\Oracle\Java\javapath;C:\windows\system32;C:\windows;C:\windows\System32\Wbem;C:\windows\System32\WindowsPowerShell\v1.0\;C:\Program Files (x86)\QuickTime\QTSystem\;C:\Program Files (x86)\Microsoft SQL Server\100\Tools\Binn\;C:\Program Files\Microsoft SQL Server\100\Tools\Binn\;C:\Program Files\Microsoft SQL Server\100\DTS\Binn\;C:\Program Files\Microsoft SQL Server\130\Tools\Binn\;C:\Program Files\dotnet\;C:\Program Files (x86)\GtkSharp\2.12\bin;C:\Program Files\Common Files\Autodesk Shared\;C:\WINDOWS\system32;C:\WINDOWS;C:\WINDOWS\System32\Wbem;C:\WINDOWS\System32\WindowsPowerShell\v1.0\;C:\WINDOWS\System32\OpenSSH\;C:\Users\Administrator\AppData\Local\Programs\Python\Python37;C:\Users\Administrator\AppData\Local\Programs\Python\Python37\Scripts;G:\PythonTools\poppler-0.68.0\bin;&quot;F:\softwares\apache-tomcat-9.0.26-windows-x64;\bin;&quot;;&quot;F:\softwares\apache-tomcat-9.0.26-windows-x64;\lib;&quot;;&quot;C:\Program Files\nodejs\;&quot;;&quot;C:\Program Files\MySQL\MySQL Server 8.0\bin;&quot;;&quot;C:\ProgramData\chocolatey\bin;&quot;;&quot;C:\Program Files\Git\cmd;&quot;;F:\softwares\Brackets\comm;&quot;C:\Program Files (x86)\Microsoft S;C:\Users\Administrator\AppData\Local\Programs\Python\Python37\Tools\scripts;F:\softwares\JetBrains\IntelliJ IDEA 2019.2.2\bin;F:\softwares\Fiddler;F:\softwares\JetBrains\WebStorm 2019.2.3\bin;C:\Users\Administrator\AppData\Local\GitHubDesktop\bin;C:\Users\Administrator\AppData\Roaming\npm;%USERPROFILE%\AppData\Local\Microsoft\WindowsApps;;."/>
    <property name="java.vm.info" value="mixed mode"/>
    <property name="java.vendor" value="Oracle Corporation"/>
    <property name="java.vm.version" value="25.231-b11"/>
    <property name="java.ext.dirs" value="C:\Program Files\Java\jdk1.8.0_231\jre\lib\ext;C:\WINDOWS\Sun\Java\lib\ext"/>
    <property name="sun.io.unicode.encoding" value="UnicodeLittle"/>
    <property name="maven.repo.local" value="G:\Maven\Local_Repository"/>
    <property name="java.class.version" value="52.0"/>
  </properties>
  <testcase name="contextLoads" classname="com.LiteTravel.web.LiteTravelWebApplicationTests" time="0.706"/>
</testsuite>